<?xml version="1.0" encoding="UTF-8"?>
<!-- Generated by org.testng.reporters.JUnitReportReporter -->
<testsuite hostname="BOSZEK-PC" failures="0" tests="1" name="pl.thatisit.plotter.logprocessor.ProcessLogParserTest" time="0.004" errors="0" timestamp="01 maj 2021 17:16:16 GMT" skipped="0">
  <testcase classname="pl.thatisit.plotter.logprocessor.ProcessLogParserTest" name="shouldOpenFile" time="0.004"/>
</testsuite> <!-- pl.thatisit.plotter.logprocessor.ProcessLogParserTest -->
