<?xml version="1.0" encoding="UTF-8"?>
<!-- Generated by org.testng.reporters.JUnitReportReporter -->
<testsuite hostname="BOSZEK-PC" failures="0" tests="5" name="pl.thatisit.plotter.logprocessor.ProcessLogParserTest" time="0.168" errors="0" timestamp="03 maj 2021 20:32:48 GMT" skipped="0">
  <testcase classname="pl.thatisit.plotter.logprocessor.ProcessLogParserTest" name="shouldIdentifyStage3" time="0.009"/>
  <testcase classname="pl.thatisit.plotter.logprocessor.ProcessLogParserTest" name="shouldIdentifyStage1" time="0.003"/>
  <testcase classname="pl.thatisit.plotter.logprocessor.ProcessLogParserTest" name="shouldIdentifyStage4" time="0.009"/>
  <testcase classname="pl.thatisit.plotter.logprocessor.ProcessLogParserTest" name="shouldIdentifyFinished" time="0.138"/>
  <testcase classname="pl.thatisit.plotter.logprocessor.ProcessLogParserTest" name="shouldIdentifyStage2" time="0.009"/>
</testsuite> <!-- pl.thatisit.plotter.logprocessor.ProcessLogParserTest -->
